\BOOKMARK [1][-]{section.1}{Introduction}{}% 1
\BOOKMARK [2][-]{subsection.1.1}{Internal Quenching Mechanisms}{section.1}% 2
\BOOKMARK [2][-]{subsection.1.2}{External Quenching Mechanisms}{section.1}% 3
\BOOKMARK [2][-]{subsection.1.3}{Aims of this work}{section.1}% 4
\BOOKMARK [1][-]{section.2}{Data and Methods}{}% 5
\BOOKMARK [2][-]{subsection.2.1}{Data Sources}{section.2}% 6
\BOOKMARK [2][-]{subsection.2.2}{Group Identification}{section.2}% 7
\BOOKMARK [2][-]{subsection.2.3}{Field sample}{section.2}% 8
\BOOKMARK [2][-]{subsection.2.4}{Morphological fractions}{section.2}% 9
\BOOKMARK [2][-]{subsection.2.5}{Deriving quenching parameters}{section.2}% 10
\BOOKMARK [1][-]{section.3}{Results}{}% 11
\BOOKMARK [2][-]{subsection.3.1}{Mass dependence with radius}{section.3}% 12
\BOOKMARK [2][-]{subsection.3.2}{Dependence of detailed morphological structure with environment}{section.3}% 13
\BOOKMARK [2][-]{subsection.3.3}{Quenching histories in the group environment}{section.3}% 14
\BOOKMARK [1][-]{section.4}{Discussion}{}% 15
\BOOKMARK [2][-]{subsection.4.1}{The role of mergers as quenching mechanisms in the group environment}{section.4}% 16
\BOOKMARK [2][-]{subsection.4.2}{The role of mass quenching in the group environment}{section.4}% 17
\BOOKMARK [2][-]{subsection.4.3}{The role of morphological quenching in the group environment}{section.4}% 18
\BOOKMARK [2][-]{subsection.4.4}{The role of the environment in quenching}{section.4}% 19
\BOOKMARK [2][-]{subsection.4.5}{Link to other results using this method}{section.4}% 20
\BOOKMARK [1][-]{section.5}{Conclusions}{}% 21
