This is pdfTeX, Version 3.1415926-2.4-1.40.13 (TeX Live 2012) (format=pdflatex 2013.1.23)  9 DEC 2016 12:00
entering extended mode
 \write18 enabled.
 %&-line parsing enabled.
**environment.tex
(./environment.tex
LaTeX2e <2011/06/27>
Babel <v3.8m> and hyphenation patterns for english, dumylang, nohyphenation, ge
rman-x-2012-05-30, ngerman-x-2012-05-30, afrikaans, ancientgreek, ibycus, arabi
c, armenian, basque, bulgarian, catalan, pinyin, coptic, croatian, czech, danis
h, dutch, ukenglish, usenglishmax, esperanto, estonian, ethiopic, farsi, finnis
h, french, friulan, galician, german, ngerman, swissgerman, monogreek, greek, h
ungarian, icelandic, assamese, bengali, gujarati, hindi, kannada, malayalam, ma
rathi, oriya, panjabi, tamil, telugu, indonesian, interlingua, irish, italian, 
kurmanji, latin, latvian, lithuanian, mongolian, mongolianlmc, bokmal, nynorsk,
 polish, portuguese, romanian, romansh, russian, sanskrit, serbian, serbianc, s
lovak, slovenian, spanish, swedish, turkish, turkmen, ukrainian, uppersorbian, 
welsh, loaded.
(./mn2e.cls
Document Class: mn2e 2001/02/06 v2.2 LaTeX2e MN document class
Document Style `MN' v2.2, released 2001 February 20
\math@groups=\toks14
LaTeX Font Info:    Overwriting symbol font `symbols' in version `bold'
(Font)                  OMS/cmsy/b/n --> OMS/cmsy/b/n on input line 223.
\symbmisymbols=\mathgroup4
\symUPM=\mathgroup5
LaTeX Font Info:    Overwriting symbol font `UPM' in version `bold'
(Font)                  U/eur/m/n --> U/eur/b/n on input line 260.
\symAMSa=\mathgroup6
\SFB@measure=\dimen102
\realparindent=\skip41
\c@part=\count79
\c@section=\count80
\c@subsection=\count81
\c@subsubsection=\count82
\c@paragraph=\count83
\c@subparagraph=\count84
\@indentskip=\skip42
\smallindent=\skip43
\@footindent=\skip44
\@leftskip=\skip45
\c@dummy=\count85
(/usr/local/texlive/2012/texmf-dist/tex/latex/natbib/natbib.sty
Package: natbib 2010/09/13 8.31b (PWD, AO)
\bibhang=\skip46
\bibsep=\skip47
LaTeX Info: Redefining \cite on input line 694.
\c@NAT@ctr=\count86
)
\c@table=\count87
\c@figure=\count88
\mathindent=\dimen103
)
(/usr/local/texlive/2012/texmf-dist/tex/latex/mdwtools/footnote.sty
Package: footnote 1997/01/28 1.13 Save footnotes around boxes
\fn@notes=\box26
\fn@width=\dimen104
)
(/usr/local/texlive/2012/texmf-dist/tex/latex/graphics/graphicx.sty
Package: graphicx 1999/02/16 v1.0f Enhanced LaTeX Graphics (DPC,SPQR)

(/usr/local/texlive/2012/texmf-dist/tex/latex/graphics/keyval.sty
Package: keyval 1999/03/16 v1.13 key=value parser (DPC)
\KV@toks@=\toks15
)
(/usr/local/texlive/2012/texmf-dist/tex/latex/graphics/graphics.sty
Package: graphics 2009/02/05 v1.0o Standard LaTeX Graphics (DPC,SPQR)

(/usr/local/texlive/2012/texmf-dist/tex/latex/graphics/trig.sty
Package: trig 1999/03/16 v1.09 sin cos tan (DPC)
)
(/usr/local/texlive/2012/texmf-dist/tex/latex/latexconfig/graphics.cfg
File: graphics.cfg 2010/04/23 v1.9 graphics configuration of TeX Live
)
Package graphics Info: Driver file: pdftex.def on input line 91.

(/usr/local/texlive/2012/texmf-dist/tex/latex/pdftex-def/pdftex.def
File: pdftex.def 2011/05/27 v0.06d Graphics/color for pdfTeX

(/usr/local/texlive/2012/texmf-dist/tex/generic/oberdiek/infwarerr.sty
Package: infwarerr 2010/04/08 v1.3 Providing info/warning/error messages (HO)
)
(/usr/local/texlive/2012/texmf-dist/tex/generic/oberdiek/ltxcmds.sty
Package: ltxcmds 2011/11/09 v1.22 LaTeX kernel commands for general use (HO)
)
\Gread@gobject=\count89
))
\Gin@req@height=\dimen105
\Gin@req@width=\dimen106
)
(/usr/local/texlive/2012/texmf-dist/tex/latex/graphics/color.sty
Package: color 2005/11/14 v1.0j Standard LaTeX Color (DPC)

(/usr/local/texlive/2012/texmf-dist/tex/latex/latexconfig/color.cfg
File: color.cfg 2007/01/18 v1.5 color configuration of teTeX/TeXLive
)
Package color Info: Driver file: pdftex.def on input line 130.
)
(/usr/local/texlive/2012/texmf-dist/tex/latex/multirow/multirow.sty
\bigstrutjot=\dimen107
)
(/usr/local/texlive/2012/texmf-dist/tex/latex/amsmath/amsmath.sty
Package: amsmath 2000/07/18 v2.13 AMS math features
\@mathmargin=\skip48

For additional information on amsmath, use the `?' option.
(/usr/local/texlive/2012/texmf-dist/tex/latex/amsmath/amstext.sty
Package: amstext 2000/06/29 v2.01

(/usr/local/texlive/2012/texmf-dist/tex/latex/amsmath/amsgen.sty
File: amsgen.sty 1999/11/30 v2.0
\@emptytoks=\toks16
\ex@=\dimen108
))
(/usr/local/texlive/2012/texmf-dist/tex/latex/amsmath/amsbsy.sty
Package: amsbsy 1999/11/29 v1.2d
\pmbraise@=\dimen109
)
(/usr/local/texlive/2012/texmf-dist/tex/latex/amsmath/amsopn.sty
Package: amsopn 1999/12/14 v2.01 operator names
)
\inf@bad=\count90
LaTeX Info: Redefining \frac on input line 211.
\uproot@=\count91
\leftroot@=\count92
LaTeX Info: Redefining \overline on input line 307.
\classnum@=\count93
\DOTSCASE@=\count94
LaTeX Info: Redefining \ldots on input line 379.
LaTeX Info: Redefining \dots on input line 382.
LaTeX Info: Redefining \cdots on input line 467.
\Mathstrutbox@=\box27
\strutbox@=\box28
\big@size=\dimen110
LaTeX Font Info:    Redeclaring font encoding OML on input line 567.
LaTeX Font Info:    Redeclaring font encoding OMS on input line 568.
\macc@depth=\count95
\c@MaxMatrixCols=\count96
\dotsspace@=\muskip10
\c@parentequation=\count97
\dspbrk@lvl=\count98
\tag@help=\toks17
\row@=\count99
\column@=\count100
\maxfields@=\count101
\andhelp@=\toks18
\eqnshift@=\dimen111
\alignsep@=\dimen112
\tagshift@=\dimen113
\tagwidth@=\dimen114
\totwidth@=\dimen115
\lineht@=\dimen116
\@envbody=\toks19
\multlinegap=\skip49
\multlinetaggap=\skip50
\mathdisplay@stack=\toks20
LaTeX Info: Redefining \[ on input line 2666.
LaTeX Info: Redefining \] on input line 2667.
)
(/usr/local/texlive/2012/texmf-dist/tex/latex/url/url.sty
\Urlmuskip=\muskip11
Package: url 2006/04/12  ver 3.3  Verb mode for urls, etc.
)
(/usr/local/texlive/2012/texmf-dist/tex/latex/amsfonts/amssymb.sty
Package: amssymb 2009/06/22 v3.00

(/usr/local/texlive/2012/texmf-dist/tex/latex/amsfonts/amsfonts.sty
Package: amsfonts 2009/06/22 v3.00 Basic AMSFonts support
LaTeX Font Info:    Redeclaring symbol font `AMSa' on input line 49.
LaTeX Font Info:    Overwriting symbol font `AMSa' in version `normal'
(Font)                  U/msa/m/n --> U/msa/m/n on input line 49.
LaTeX Font Info:    Overwriting symbol font `AMSa' in version `bold'
(Font)                  U/msa/m/n --> U/msa/m/n on input line 49.
\symAMSb=\mathgroup7
LaTeX Font Info:    Overwriting math alphabet `\mathfrak' in version `bold'
(Font)                  U/euf/m/n --> U/euf/b/n on input line 96.
)
LaTeX Font Info:    Redeclaring math symbol \leqslant on input line 96.
LaTeX Font Info:    Redeclaring math symbol \geqslant on input line 103.
)
(/usr/local/texlive/2012/texmf-dist/tex/latex/tools/tabularx.sty
Package: tabularx 1999/01/07 v2.07 `tabularx' package (DPC)

(/usr/local/texlive/2012/texmf-dist/tex/latex/tools/array.sty
Package: array 2008/09/09 v2.4c Tabular extension package (FMi)
\col@sep=\dimen117
\extrarowheight=\dimen118
\NC@list=\toks21
\extratabsurround=\skip51
\backup@length=\skip52
)
\TX@col@width=\dimen119
\TX@old@table=\dimen120
\TX@old@col=\dimen121
\TX@target=\dimen122
\TX@delta=\dimen123
\TX@cols=\count102
\TX@ftn=\toks22
)
(/usr/local/texlive/2012/texmf-dist/tex/latex/hyperref/hyperref.sty
Package: hyperref 2012/05/13 v6.82q Hypertext links for LaTeX

(/usr/local/texlive/2012/texmf-dist/tex/generic/oberdiek/hobsub-hyperref.sty
Package: hobsub-hyperref 2012/05/28 v1.13 Bundle oberdiek, subset hyperref (HO)


(/usr/local/texlive/2012/texmf-dist/tex/generic/oberdiek/hobsub-generic.sty
Package: hobsub-generic 2012/05/28 v1.13 Bundle oberdiek, subset generic (HO)
Package: hobsub 2012/05/28 v1.13 Construct package bundles (HO)
Package hobsub Info: Skipping package `infwarerr' (already loaded).
Package hobsub Info: Skipping package `ltxcmds' (already loaded).
Package: ifluatex 2010/03/01 v1.3 Provides the ifluatex switch (HO)
Package ifluatex Info: LuaTeX not detected.
Package: ifvtex 2010/03/01 v1.5 Detect VTeX and its facilities (HO)
Package ifvtex Info: VTeX not detected.
Package: intcalc 2007/09/27 v1.1 Expandable calculations with integers (HO)
Package: ifpdf 2011/01/30 v2.3 Provides the ifpdf switch (HO)
Package ifpdf Info: pdfTeX in PDF mode is detected.
Package: etexcmds 2011/02/16 v1.5 Avoid name clashes with e-TeX commands (HO)
Package etexcmds Info: Could not find \expanded.
(etexcmds)             That can mean that you are not using pdfTeX 1.50 or
(etexcmds)             that some package has redefined \expanded.
(etexcmds)             In the latter case, load this package earlier.
Package: kvsetkeys 2012/04/25 v1.16 Key value parser (HO)
Package: kvdefinekeys 2011/04/07 v1.3 Define keys (HO)
Package: pdftexcmds 2011/11/29 v0.20 Utility functions of pdfTeX for LuaTeX (HO
)
Package pdftexcmds Info: LuaTeX not detected.
Package pdftexcmds Info: \pdf@primitive is available.
Package pdftexcmds Info: \pdf@ifprimitive is available.
Package pdftexcmds Info: \pdfdraftmode found.
Package: pdfescape 2011/11/25 v1.13 Implements pdfTeX's escape features (HO)
Package: bigintcalc 2012/04/08 v1.3 Expandable calculations on big integers (HO
)
Package: bitset 2011/01/30 v1.1 Handle bit-vector datatype (HO)
Package: uniquecounter 2011/01/30 v1.2 Provide unlimited unique counter (HO)
)
Package hobsub Info: Skipping package `hobsub' (already loaded).
Package: letltxmacro 2010/09/02 v1.4 Let assignment for LaTeX macros (HO)
Package: hopatch 2012/05/28 v1.2 Wrapper for package hooks (HO)
Package: xcolor-patch 2011/01/30 xcolor patch
Package: atveryend 2011/06/30 v1.8 Hooks at the very end of document (HO)
Package atveryend Info: \enddocument detected (standard20110627).
Package: atbegshi 2011/10/05 v1.16 At begin shipout hook (HO)
Package: refcount 2011/10/16 v3.4 Data extraction from label references (HO)
Package: hycolor 2011/01/30 v1.7 Color options for hyperref/bookmark (HO)
)
(/usr/local/texlive/2012/texmf-dist/tex/generic/ifxetex/ifxetex.sty
Package: ifxetex 2010/09/12 v0.6 Provides ifxetex conditional
)
(/usr/local/texlive/2012/texmf-dist/tex/latex/oberdiek/kvoptions.sty
Package: kvoptions 2011/06/30 v3.11 Key value format for package options (HO)
)
\@linkdim=\dimen124
\Hy@linkcounter=\count103
\Hy@pagecounter=\count104

(/usr/local/texlive/2012/texmf-dist/tex/latex/hyperref/pd1enc.def
File: pd1enc.def 2012/05/13 v6.82q Hyperref: PDFDocEncoding definition (HO)
)
\Hy@SavedSpaceFactor=\count105

(/usr/local/texlive/2012/texmf-dist/tex/latex/latexconfig/hyperref.cfg
File: hyperref.cfg 2002/06/06 v1.2 hyperref configuration of TeXLive
)
Package hyperref Info: Hyper figures OFF on input line 4062.
Package hyperref Info: Link nesting OFF on input line 4067.
Package hyperref Info: Hyper index ON on input line 4070.
Package hyperref Info: Plain pages OFF on input line 4077.
Package hyperref Info: Backreferencing OFF on input line 4082.
Package hyperref Info: Implicit mode ON; LaTeX internals redefined.
Package hyperref Info: Bookmarks ON on input line 4300.
\c@Hy@tempcnt=\count106
LaTeX Info: Redefining \url on input line 4653.
\Fld@menulength=\count107
\Field@Width=\dimen125
\Fld@charsize=\dimen126
Package hyperref Info: Hyper figures OFF on input line 5773.
Package hyperref Info: Link nesting OFF on input line 5778.
Package hyperref Info: Hyper index ON on input line 5781.
Package hyperref Info: backreferencing OFF on input line 5788.
Package hyperref Info: Link coloring OFF on input line 5793.
Package hyperref Info: Link coloring with OCG OFF on input line 5798.
Package hyperref Info: PDF/A mode OFF on input line 5803.
LaTeX Info: Redefining \ref on input line 5843.
LaTeX Info: Redefining \pageref on input line 5847.
\Hy@abspage=\count108
\c@Item=\count109
\c@Hfootnote=\count110
)

Package hyperref Message: Driver (autodetected): hpdftex.

(/usr/local/texlive/2012/texmf-dist/tex/latex/hyperref/hpdftex.def
File: hpdftex.def 2012/05/13 v6.82q Hyperref driver for pdfTeX
\Fld@listcount=\count111
\c@bookmark@seq@number=\count112

(/usr/local/texlive/2012/texmf-dist/tex/latex/oberdiek/rerunfilecheck.sty
Package: rerunfilecheck 2011/04/15 v1.7 Rerun checks for auxiliary files (HO)
Package uniquecounter Info: New unique counter `rerunfilecheck' on input line 2
82.
)
\Hy@SectionHShift=\skip53
)
Package hyperref Info: Option `colorlinks' set `true' on input line 14.

(./environment.aux)
\openout1 = `environment.aux'.

LaTeX Font Info:    Checking defaults for OML/cmm/m/it on input line 19.
LaTeX Font Info:    ... okay on input line 19.
LaTeX Font Info:    Checking defaults for T1/cmr/m/n on input line 19.
LaTeX Font Info:    ... okay on input line 19.
LaTeX Font Info:    Checking defaults for OT1/cmr/m/n on input line 19.
LaTeX Font Info:    ... okay on input line 19.
LaTeX Font Info:    Checking defaults for OMS/cmsy/m/n on input line 19.
LaTeX Font Info:    ... okay on input line 19.
LaTeX Font Info:    Checking defaults for OMX/cmex/m/n on input line 19.
LaTeX Font Info:    ... okay on input line 19.
LaTeX Font Info:    Checking defaults for U/cmr/m/n on input line 19.
LaTeX Font Info:    ... okay on input line 19.
LaTeX Font Info:    Checking defaults for PD1/pdf/m/n on input line 19.
LaTeX Font Info:    ... okay on input line 19.

(/usr/local/texlive/2012/texmf-dist/tex/context/base/supp-pdf.mkii
[Loading MPS to PDF converter (version 2006.09.02).]
\scratchcounter=\count113
\scratchdimen=\dimen127
\scratchbox=\box29
\nofMPsegments=\count114
\nofMParguments=\count115
\everyMPshowfont=\toks23
\MPscratchCnt=\count116
\MPscratchDim=\dimen128
\MPnumerator=\count117
\makeMPintoPDFobject=\count118
\everyMPtoPDFconversion=\toks24
) (/usr/local/texlive/2012/texmf-dist/tex/latex/oberdiek/epstopdf-base.sty
Package: epstopdf-base 2010/02/09 v2.5 Base part for package epstopdf

(/usr/local/texlive/2012/texmf-dist/tex/latex/oberdiek/grfext.sty
Package: grfext 2010/08/19 v1.1 Manage graphics extensions (HO)
)
Package grfext Info: Graphics extension search list:
(grfext)             [.png,.pdf,.jpg,.mps,.jpeg,.jbig2,.jb2,.PNG,.PDF,.JPG,.JPE
G,.JBIG2,.JB2,.eps]
(grfext)             \AppendGraphicsExtensions on input line 452.

(/usr/local/texlive/2012/texmf-dist/tex/latex/latexconfig/epstopdf-sys.cfg
File: epstopdf-sys.cfg 2010/07/13 v1.3 Configuration of (r)epstopdf for TeX Liv
e
))
\AtBeginShipoutBox=\box30


Package hyperref Warning: Height of page (\paperheight) is invalid (0.0pt),
(hyperref)                using 11in.

Package hyperref Info: Link coloring ON on input line 19.
(/usr/local/texlive/2012/texmf-dist/tex/latex/hyperref/nameref.sty
Package: nameref 2010/04/30 v2.40 Cross-referencing by name of section

(/usr/local/texlive/2012/texmf-dist/tex/generic/oberdiek/gettitlestring.sty
Package: gettitlestring 2010/12/03 v1.4 Cleanup title references (HO)
)
\c@section@level=\count119
)
LaTeX Info: Redefining \ref on input line 19.
LaTeX Info: Redefining \pageref on input line 19.
LaTeX Info: Redefining \nameref on input line 19.

(./environment.out) (./environment.out)
\@outlinefile=\write3
\openout3 = `environment.out'.

LaTeX Font Info:    Try loading font information for U+eur on input line 30.

(/usr/local/texlive/2012/texmf-dist/tex/latex/amsfonts/ueur.fd
File: ueur.fd 2009/06/22 v3.00 Euler Roman
)
LaTeX Font Info:    Try loading font information for U+msa on input line 30.

(/usr/local/texlive/2012/texmf-dist/tex/latex/amsfonts/umsa.fd
File: umsa.fd 2009/06/22 v3.00 AMS symbols A
)
LaTeX Font Info:    Try loading font information for U+msb on input line 30.

(/usr/local/texlive/2012/texmf-dist/tex/latex/amsfonts/umsb.fd
File: umsb.fd 2009/06/22 v3.00 AMS symbols B
)
Overfull \hbox (22.02959pt too wide) in paragraph at lines 30--30
[][]  
 []


Underfull \hbox (badness 1184) in paragraph at lines 44--45
\OT1/cmr/m/n/9 Galaxies are of-ten found clus-tered to-gether in groups
 []


Underfull \vbox (badness 10000) has occurred while \output is active []

LaTeX Font Info:    Try loading font information for OMS+cmr on input line 49.

(/usr/local/texlive/2012/texmf-dist/tex/latex/base/omscmr.fd
File: omscmr.fd 1999/05/25 v2.5h Standard LaTeX font definitions
)
LaTeX Font Info:    Font shape `OMS/cmr/m/n' in size <8> not available
(Font)              Font shape `OMS/cmsy/m/n' tried instead on input line 49.
 [1{/usr/local/texlive/2012/texmf-var/fonts/map/pdftex/updmap/pdftex.map}


] [2]

LaTeX Warning: Command \r invalid in math mode on input line 102.


LaTeX Warning: Command \r invalid in math mode on input line 102.


LaTeX Warning: Command \r invalid in math mode on input line 104.

[3]
<sfr_mass_quenched_centrals_satellites_gz2_group.pdf, id=560, 758.835pt x 361.3
5pt>
File: sfr_mass_quenched_centrals_satellites_gz2_group.pdf Graphic file (type pd
f)
 <use sfr_mass_quenched_centrals_satellites_gz2_group.pdf>
Package pdftex.def Info: sfr_mass_quenched_centrals_satellites_gz2_group.pdf us
ed on input line 121.
(pdftex.def)             Requested size: 504.0pt x 240.0025pt.

Underfull \hbox (badness 1852) in paragraph at lines 166--167
[]\OT1/cmr/m/n/9 This sam-ple of field galaxy can-di-dates was then
 []

[4] <redshift_cent_field.pdf, id=645, 289.08pt x 289.08pt>
File: redshift_cent_field.pdf Graphic file (type pdf)

<use redshift_cent_field.pdf>
Package pdftex.def Info: redshift_cent_field.pdf used on input line 174.
(pdftex.def)             Requested size: 226.79846pt x 226.79596pt.

<redshift_sat_field.pdf, id=646, 289.08pt x 289.08pt>
File: redshift_sat_field.pdf Graphic file (type pdf)

<use redshift_sat_field.pdf>
Package pdftex.def Info: redshift_sat_field.pdf used on input line 175.
(pdftex.def)             Requested size: 226.79846pt x 226.79596pt.
 [5 <./sfr_mass_quenched_centrals_satellites_gz2_group.pdf>] [6 <./redshift_cen
t_field.pdf> <./redshift_sat_field.pdf

pdfTeX warning: /usr/texbin/pdflatex (file ./redshift_sat_field.pdf): PDF inclu
sion: multiple pdfs with page group included in a single page
>]
<mass_trend_with_log_radius_compare_field.pdf, id=768, 273.1806pt x 273.1806pt>
File: mass_trend_with_log_radius_compare_field.pdf Graphic file (type pdf)
<use mass_trend_with_log_radius_compare_field.pdf>
Package pdftex.def Info: mass_trend_with_log_radius_compare_field.pdf used on i
nput line 222.
(pdftex.def)             Requested size: 226.79846pt x 226.80235pt.

<p_disc_trend_with_log_radius_field_compare.pdf, id=769, 289.08pt x 289.08pt>
File: p_disc_trend_with_log_radius_field_compare.pdf Graphic file (type pdf)

<use p_disc_trend_with_log_radius_field_compare.pdf>
Package pdftex.def Info: p_disc_trend_with_log_radius_field_compare.pdf used on
 input line 232.
(pdftex.def)             Requested size: 216.71631pt x 216.71683pt.

<p_smooth_trend_with_log_radius_field_compare.pdf, id=770, 289.08pt x 289.08pt>
File: p_smooth_trend_with_log_radius_field_compare.pdf Graphic file (type pdf)
<use p_smooth_trend_with_log_radius_field_compare.pdf>
Package pdftex.def Info: p_smooth_trend_with_log_radius_field_compare.pdf used 
on input line 233.
(pdftex.def)             Requested size: 216.71631pt x 216.71683pt.

<bar_fraction_over_disc_trend_with_log_radius_sat_matched_field_cand.pdf, id=77
1, 289.08pt x 289.08pt>
File: bar_fraction_over_disc_trend_with_log_radius_sat_matched_field_cand.pdf G
raphic file (type pdf)

<use bar_fraction_over_disc_trend_with_log_radius_sat_matched_field_cand.pdf>
Package pdftex.def Info: bar_fraction_over_disc_trend_with_log_radius_sat_match
ed_field_cand.pdf used on input line 240.
(pdftex.def)             Requested size: 201.59692pt x 201.59592pt.

<merger_fraction_trend_with_log_radius_compare_sat_field_cand.pdf, id=772, 289.
08pt x 289.08pt>
File: merger_fraction_trend_with_log_radius_compare_sat_field_cand.pdf Graphic 
file (type pdf)

<use merger_fraction_trend_with_log_radius_compare_sat_field_cand.pdf>
Package pdftex.def Info: merger_fraction_trend_with_log_radius_compare_sat_fiel
d_cand.pdf used on input line 247.
(pdftex.def)             Requested size: 216.71631pt x 216.71683pt.

Underfull \vbox (badness 5217) has occurred while \output is active []


<min_max_bulge_fraction_trend_with_log_radius_sat_field_cand.pdf, id=797, 578.1
6pt x 289.08pt>
File: min_max_bulge_fraction_trend_with_log_radius_sat_field_cand.pdf Graphic f
ile (type pdf)

<use min_max_bulge_fraction_trend_with_log_radius_sat_field_cand.pdf>
Package pdftex.def Info: min_max_bulge_fraction_trend_with_log_radius_sat_field
_cand.pdf used on input line 272.
(pdftex.def)             Requested size: 478.79846pt x 239.3982pt.

Underfull \vbox (badness 2326) has occurred while \output is active []

 [7 <./mass_trend_with_log_radius_compare_field.pdf> <./bar_fraction_over_disc_
trend_with_log_radius_sat_matched_field_cand.pdf

pdfTeX warning: /usr/texbin/pdflatex (file ./bar_fraction_over_disc_trend_with_
log_radius_sat_matched_field_cand.pdf): PDF inclusion: multiple pdfs with page 
group included in a single page
> <./merger_fraction_trend_with_log_radius_compare_sat_field_cand.pdf

pdfTeX warning: /usr/texbin/pdflatex (file ./merger_fraction_trend_with_log_rad
ius_compare_sat_field_cand.pdf): PDF inclusion: multiple pdfs with page group i
ncluded in a single page
>]
Underfull \vbox (badness 10000) has occurred while \output is active []


Underfull \vbox (badness 10000) has occurred while \output is active []

 [8 <./p_disc_trend_with_log_radius_field_compare.pdf> <./p_smooth_trend_with_l
og_radius_field_compare.pdf

pdfTeX warning: /usr/texbin/pdflatex (file ./p_smooth_trend_with_log_radius_fie
ld_compare.pdf): PDF inclusion: multiple pdfs with page group included in a sin
gle page
> <./min_max_bulge_fraction_trend_with_log_radius_sat_field_cand.pdf

pdfTeX warning: /usr/texbin/pdflatex (file ./min_max_bulge_fraction_trend_with_
log_radius_sat_field_cand.pdf): PDF inclusion: multiple pdfs with page group in
cluded in a single page
>] <time_since_quenching_M*_Mh.pdf, id=921, 289.08pt x 578.16pt>
File: time_since_quenching_M*_Mh.pdf Graphic file (type pdf)

<use time_since_quenching_M*_Mh.pdf>
Package pdftex.def Info: time_since_quenching_M*_Mh.pdf used on input line 286.

(pdftex.def)             Requested size: 216.71631pt x 433.43367pt.

<rate_of_quenching_M*_Mh.pdf, id=922, 289.08pt x 578.16pt>
File: rate_of_quenching_M*_Mh.pdf Graphic file (type pdf)

<use rate_of_quenching_M*_Mh.pdf>
Package pdftex.def Info: rate_of_quenching_M*_Mh.pdf used on input line 287.
(pdftex.def)             Requested size: 216.71631pt x 433.43367pt.

<time_since_quenching_mu_Ngroup.pdf, id=923, 289.08pt x 578.16pt>
File: time_since_quenching_mu_Ngroup.pdf Graphic file (type pdf)

<use time_since_quenching_mu_Ngroup.pdf>
Package pdftex.def Info: time_since_quenching_mu_Ngroup.pdf used on input line 
294.
(pdftex.def)             Requested size: 216.71631pt x 433.43367pt.

<rate_of_quenching_mu_Ngroup.pdf, id=924, 289.08pt x 578.16pt>
File: rate_of_quenching_mu_Ngroup.pdf Graphic file (type pdf)

<use rate_of_quenching_mu_Ngroup.pdf>
Package pdftex.def Info: rate_of_quenching_mu_Ngroup.pdf used on input line 295
.
(pdftex.def)             Requested size: 216.71631pt x 433.43367pt.

<time_since_quenching_delv_sigma.pdf, id=925, 289.08pt x 578.16pt>
File: time_since_quenching_delv_sigma.pdf Graphic file (type pdf)

<use time_since_quenching_delv_sigma.pdf>
Package pdftex.def Info: time_since_quenching_delv_sigma.pdf used on input line
 302.
(pdftex.def)             Requested size: 216.71631pt x 433.43367pt.

<rate_of_quenching_delv_sigma.pdf, id=926, 289.08pt x 578.16pt>
File: rate_of_quenching_delv_sigma.pdf Graphic file (type pdf)

<use rate_of_quenching_delv_sigma.pdf>
Package pdftex.def Info: rate_of_quenching_delv_sigma.pdf used on input line 30
3.
(pdftex.def)             Requested size: 216.71631pt x 433.43367pt.

Underfull \vbox (badness 3690) has occurred while \output is active []

 [9]
Underfull \vbox (badness 10000) has occurred while \output is active []


Underfull \vbox (badness 10000) has occurred while \output is active []

 [10 <./time_since_quenching_M*_Mh.pdf> <./rate_of_quenching_M*_Mh.pdf

pdfTeX warning: /usr/texbin/pdflatex (file ./rate_of_quenching_M*_Mh.pdf): PDF 
inclusion: multiple pdfs with page group included in a single page
>]
Underfull \vbox (badness 10000) has occurred while \output is active []

 [11 <./time_since_quenching_mu_Ngroup.pdf> <./rate_of_quenching_mu_Ngroup.pdf

pdfTeX warning: /usr/texbin/pdflatex (file ./rate_of_quenching_mu_Ngroup.pdf): 
PDF inclusion: multiple pdfs with page group included in a single page
>]
Underfull \vbox (badness 2261) has occurred while \output is active []

 [12 <./time_since_quenching_delv_sigma.pdf> <./rate_of_quenching_delv_sigma.pd
f

pdfTeX warning: /usr/texbin/pdflatex (file ./rate_of_quenching_delv_sigma.pdf):
 PDF inclusion: multiple pdfs with page group included in a single page
>]
Underfull \vbox (badness 2020) has occurred while \output is active []

 [13]
Underfull \vbox (badness 10000) has occurred while \output is active []

 [14]
(./environment.bbl [15]
Underfull \hbox (badness 1675) in paragraph at lines 314--315
[]\OT1/cmr/m/n/9 Hatfield P. W., Jarvis M. J., 2016, ArXiv e-prints,
 []


Underfull \hbox (badness 10000) in paragraph at lines 461--463
[]\OT1/cmr/m/n/9 Lacerna I., Rodr^^S^^Pguez-Puebla A., Avila-Reese V.,
 []


Underfull \vbox (badness 3690) has occurred while \output is active []

 [16]
Missing character: There is no â in font cmr9!
Missing character: There is no € in font cmr9!
Missing character: There is no “ in font cmr9!
Missing character: There is no Ã in font cmr9!
Missing character: There is no ƒ in font cmr9!
Missing character: There is no Â in font cmr9!
Missing character: There is no ¢ in font cmr9!
Missing character: There is no Ã in font cmr9!
Missing character: There is no ¢ in font cmr9!
Missing character: There is no â in font cmr9!
Missing character: There is no € in font cmr9!
Missing character: There is no š in font cmr9!
Missing character: There is no Â in font cmr9!
Missing character: There is no ¬ in font cmr9!
Missing character: There is no Ã in font cmr9!
Missing character: There is no ¢ in font cmr9!
Missing character: There is no â in font cmr9!
Missing character: There is no ‚ in font cmr9!
Missing character: There is no ¬ in font cmr9!
Missing character: There is no Å in font cmr9!
Missing character: There is no “ in font cmr9!

Underfull \vbox (badness 3428) has occurred while \output is active []


Underfull \vbox (badness 5578) has occurred while \output is active []

 [17])
Package atveryend Info: Empty hook `BeforeClearDocument' on input line 438.

[18

]
Package atveryend Info: Empty hook `AfterLastShipout' on input line 438.
 (./environment.aux)
Package atveryend Info: Executing hook `AtVeryEndDocument' on input line 438.
Package atveryend Info: Executing hook `AtEndAfterFileList' on input line 438.
Package rerunfilecheck Info: File `environment.out' has not changed.
(rerunfilecheck)             Checksum: 422304793AC55D05C15A5FE90E7DF365;1590.
Package atveryend Info: Empty hook `AtVeryVeryEnd' on input line 438.
 ) 
Here is how much of TeX's memory you used:
 7658 strings out of 493488
 110496 string characters out of 3141326
 244991 words of memory out of 3000000
 10586 multiletter control sequences out of 15000+200000
 20479 words of font info for 75 fonts, out of 3000000 for 9000
 957 hyphenation exceptions out of 8191
 31i,15n,34p,1890b,783s stack positions out of 5000i,500n,10000p,200000b,50000s
</usr/local/texlive/2012/texmf-dist/fonts/type1/public/amsfonts/cm/cmbx10.pfb
></usr/local/texlive/2012/texmf-dist/fonts/type1/public/amsfonts/cm/cmbx12.pfb>
</usr/local/texlive/2012/texmf-dist/fonts/type1/public/amsfonts/cm/cmbx8.pfb></
usr/local/texlive/2012/texmf-dist/fonts/type1/public/amsfonts/cm/cmbx9.pfb></us
r/local/texlive/2012/texmf-dist/fonts/type1/public/amsfonts/cm/cmcsc10.pfb></us
r/local/texlive/2012/texmf-dist/fonts/type1/public/amsfonts/cmextra/cmex9.pfb><
/usr/local/texlive/2012/texmf-dist/fonts/type1/public/amsfonts/cm/cmmi10.pfb></
usr/local/texlive/2012/texmf-dist/fonts/type1/public/amsfonts/cm/cmmi12.pfb></u
sr/local/texlive/2012/texmf-dist/fonts/type1/public/amsfonts/cm/cmmi5.pfb></usr
/local/texlive/2012/texmf-dist/fonts/type1/public/amsfonts/cm/cmmi6.pfb></usr/l
ocal/texlive/2012/texmf-dist/fonts/type1/public/amsfonts/cm/cmmi7.pfb></usr/loc
al/texlive/2012/texmf-dist/fonts/type1/public/amsfonts/cm/cmmi8.pfb></usr/local
/texlive/2012/texmf-dist/fonts/type1/public/amsfonts/cm/cmmi9.pfb></usr/local/t
exlive/2012/texmf-dist/fonts/type1/public/amsfonts/cm/cmr10.pfb></usr/local/tex
live/2012/texmf-dist/fonts/type1/public/amsfonts/cm/cmr12.pfb></usr/local/texli
ve/2012/texmf-dist/fonts/type1/public/amsfonts/cm/cmr5.pfb></usr/local/texlive/
2012/texmf-dist/fonts/type1/public/amsfonts/cm/cmr6.pfb></usr/local/texlive/201
2/texmf-dist/fonts/type1/public/amsfonts/cm/cmr7.pfb></usr/local/texlive/2012/t
exmf-dist/fonts/type1/public/amsfonts/cm/cmr8.pfb></usr/local/texlive/2012/texm
f-dist/fonts/type1/public/amsfonts/cm/cmr9.pfb></usr/local/texlive/2012/texmf-d
ist/fonts/type1/public/amsfonts/cm/cmsy10.pfb></usr/local/texlive/2012/texmf-di
st/fonts/type1/public/amsfonts/cm/cmsy6.pfb></usr/local/texlive/2012/texmf-dist
/fonts/type1/public/amsfonts/cm/cmsy7.pfb></usr/local/texlive/2012/texmf-dist/f
onts/type1/public/amsfonts/cm/cmsy8.pfb></usr/local/texlive/2012/texmf-dist/fon
ts/type1/public/amsfonts/cm/cmsy9.pfb></usr/local/texlive/2012/texmf-dist/fonts
/type1/public/amsfonts/cm/cmti12.pfb></usr/local/texlive/2012/texmf-dist/fonts/
type1/public/amsfonts/cm/cmti8.pfb></usr/local/texlive/2012/texmf-dist/fonts/ty
pe1/public/amsfonts/cm/cmti9.pfb></usr/local/texlive/2012/texmf-dist/fonts/type
1/public/amsfonts/cm/cmtt8.pfb></usr/local/texlive/2012/texmf-dist/fonts/type1/
public/amsfonts/cm/cmtt9.pfb></usr/local/texlive/2012/texmf-dist/fonts/type1/pu
blic/amsfonts/symbols/msam10.pfb></usr/local/texlive/2012/texmf-dist/fonts/type
1/urw/ncntrsbk/uncr8a.pfb>
Output written on environment.pdf (18 pages, 810669 bytes).
PDF statistics:
 1581 PDF objects out of 1728 (max. 8388607)
 1482 compressed objects within 15 object streams
 267 named destinations out of 1000 (max. 500000)
 244 words of extra memory for PDF output out of 10000 (max. 10000000)

